2011-10-28 21:16:55 Debug: Notice (1024): Please change the value of 'Security.salt' in app/config/core.php to a salt value specific to your application in [C:\xampp\htdocs\sal_tracking\cake\libs\debugger.php, line 694]
2011-10-28 21:16:55 Debug: Notice (1024): Please change the value of 'Security.cipherSeed' in app/config/core.php to a numeric (digits only) seed value specific to your application in [C:\xampp\htdocs\sal_tracking\cake\libs\debugger.php, line 698]
2011-10-29 16:42:02 Debug: Notice (8): Undefined property: View::$form in [C:\xampp\htdocs\sal_tracking\app\views\users\login.ctp, line 1]
2011-10-29 16:56:03 Debug: Notice (8): Uninitialized string offset:  0 in [C:\xampp\htdocs\sal_tracking\cake\libs\view\helpers\html.php, line 352]
2011-10-29 16:56:37 Debug: Notice (8): Uninitialized string offset:  0 in [C:\xampp\htdocs\sal_tracking\cake\libs\view\helpers\html.php, line 352]
2011-10-29 16:57:31 Debug: Notice (8): Uninitialized string offset:  0 in [C:\xampp\htdocs\sal_tracking\cake\libs\view\helpers\html.php, line 431]
2011-10-29 16:57:31 Debug: Notice (8): Uninitialized string offset:  0 in [C:\xampp\htdocs\sal_tracking\cake\libs\view\helpers\html.php, line 352]
2011-10-30 09:45:48 Debug: Notice (8): Use of undefined constant default_footer - assumed 'default_footer' in [C:\xampp\htdocs\sal_tracking\app\views\layouts\default_layout.ctp, line 33]
2011-10-30 10:48:08 Debug: Notice (8): Undefined variable: seesion in [C:\xampp\htdocs\sal_tracking\app\views\elements\default_header.ctp, line 3]
2011-10-30 10:48:15 Debug: Notice (8): Undefined variable: sesion in [C:\xampp\htdocs\sal_tracking\app\views\elements\default_header.ctp, line 3]
2011-10-30 10:48:19 Debug: Notice (8): Undefined variable: sesion in [C:\xampp\htdocs\sal_tracking\app\views\elements\default_header.ctp, line 3]
2011-10-30 11:08:02 Debug: Notice (8): Undefined property: View::$Ssession in [C:\xampp\htdocs\sal_tracking\app\views\elements\default_header.ctp, line 6]
2011-10-30 20:33:42 Debug: Notice (8): Undefined index:  id in [C:\xampp\htdocs\sal_tracking\app\controllers\billings_controller.php, line 72]
2011-10-30 20:37:30 Debug: Notice (8): Undefined index:  id in [C:\xampp\htdocs\sal_tracking\app\controllers\billings_controller.php, line 72]
2011-10-30 20:37:40 Debug: Notice (8): Undefined index:  id in [C:\xampp\htdocs\sal_tracking\app\controllers\billings_controller.php, line 72]
2011-10-31 19:39:05 Debug: Notice (8): Undefined index:  User in [C:\xampp\htdocs\sal_tracking\app\controllers\billings_controller.php, line 26]
2011-10-31 19:48:49 Debug: Notice (8): Undefined index:  User in [C:\xampp\htdocs\sal_tracking\app\controllers\billings_controller.php, line 26]
2011-10-31 20:08:35 Debug: Notice (8): Undefined variable: userinfo in [C:\xampp\htdocs\sal_tracking\app\controllers\billings_controller.php, line 47]
2011-10-31 20:09:12 Debug: Notice (8): Undefined variable: userinfo in [C:\xampp\htdocs\sal_tracking\app\controllers\billings_controller.php, line 47]
2011-10-31 20:09:17 Debug: Notice (8): Undefined variable: userinfo in [C:\xampp\htdocs\sal_tracking\app\controllers\billings_controller.php, line 47]
2011-10-31 20:09:40 Debug: Notice (8): Undefined variable: userinfo in [C:\xampp\htdocs\sal_tracking\app\controllers\billings_controller.php, line 47]
2011-10-31 20:20:33 Debug: Notice (8): Undefined variable: userinfo in [C:\xampp\htdocs\sal_tracking\app\controllers\billings_controller.php, line 47]
2011-10-31 20:20:36 Debug: Notice (8): Undefined variable: userinfo in [C:\xampp\htdocs\sal_tracking\app\controllers\billings_controller.php, line 47]
2011-10-31 20:20:36 Debug: Notice (8): Undefined variable: email in [C:\xampp\htdocs\sal_tracking\app\controllers\billings_controller.php, line 51]
2011-10-31 20:27:31 Debug: Notice (8): Undefined variable: userinfo in [C:\xampp\htdocs\sal_tracking\app\controllers\billings_controller.php, line 54]
2011-10-31 20:27:35 Debug: Notice (8): Undefined variable: userinfo in [C:\xampp\htdocs\sal_tracking\app\controllers\billings_controller.php, line 54]
2011-10-31 20:27:39 Debug: Notice (8): Undefined variable: userinfo in [C:\xampp\htdocs\sal_tracking\app\controllers\billings_controller.php, line 54]
2011-10-31 20:27:47 Debug: Notice (8): Undefined variable: userinfo in [C:\xampp\htdocs\sal_tracking\app\controllers\billings_controller.php, line 54]
2011-10-31 20:27:47 Debug: Notice (8): Undefined variable: email in [C:\xampp\htdocs\sal_tracking\app\controllers\billings_controller.php, line 58]
2011-10-31 20:27:48 Debug: Notice (8): Undefined variable: userinfo in [C:\xampp\htdocs\sal_tracking\app\controllers\billings_controller.php, line 54]
2011-10-31 20:27:48 Debug: Notice (8): Undefined variable: email in [C:\xampp\htdocs\sal_tracking\app\controllers\billings_controller.php, line 58]
2011-10-31 20:28:02 Debug: Notice (8): Undefined variable: userinfo in [C:\xampp\htdocs\sal_tracking\app\controllers\billings_controller.php, line 54]
2011-10-31 21:12:16 Debug: Notice (8): Undefined index:  Billing in [C:\xampp\htdocs\sal_tracking\app\views\billings\lists.ctp, line 84]
2011-10-31 21:12:17 Debug: Notice (8): Undefined index:  Billing in [C:\xampp\htdocs\sal_tracking\app\views\billings\lists.ctp, line 85]
2011-10-31 21:12:17 Debug: Notice (8): Undefined index:  Billing in [C:\xampp\htdocs\sal_tracking\app\views\billings\lists.ctp, line 86]
2011-10-31 21:12:17 Debug: Notice (8): Undefined index:  Billing in [C:\xampp\htdocs\sal_tracking\app\views\billings\lists.ctp, line 87]
2011-10-31 21:12:17 Debug: Notice (8): Undefined index:  Billing in [C:\xampp\htdocs\sal_tracking\app\views\billings\lists.ctp, line 88]
2011-10-31 21:12:17 Debug: Notice (8): Undefined index:  Billing in [C:\xampp\htdocs\sal_tracking\app\views\billings\lists.ctp, line 89]
2011-10-31 21:12:17 Debug: Notice (8): Undefined index:  Billing in [C:\xampp\htdocs\sal_tracking\app\views\billings\lists.ctp, line 90]
2011-10-31 21:12:17 Debug: Notice (8): Undefined index:  Billing in [C:\xampp\htdocs\sal_tracking\app\views\billings\lists.ctp, line 91]
2011-10-31 21:12:17 Debug: Notice (8): Undefined index:  Billing in [C:\xampp\htdocs\sal_tracking\app\views\billings\lists.ctp, line 92]
2011-10-31 21:12:17 Debug: Notice (8): Undefined index:  Billing in [C:\xampp\htdocs\sal_tracking\app\views\billings\lists.ctp, line 93]
2011-10-31 21:12:17 Debug: Notice (8): Undefined index:  Billing in [C:\xampp\htdocs\sal_tracking\app\views\billings\lists.ctp, line 94]
2011-10-31 21:12:17 Debug: Notice (8): Undefined index:  Billing in [C:\xampp\htdocs\sal_tracking\app\views\billings\lists.ctp, line 95]
2011-10-31 21:12:17 Debug: Notice (8): Undefined index:  Billing in [C:\xampp\htdocs\sal_tracking\app\views\billings\lists.ctp, line 102]
2011-10-31 21:12:17 Debug: Notice (8): Undefined index:  Billing in [C:\xampp\htdocs\sal_tracking\app\views\billings\lists.ctp, line 113]
2011-10-31 21:40:50 Debug: Notice (8): Undefined property: BillingsController::$Message in [C:\xampp\htdocs\sal_tracking\app\controllers\billings_controller.php, line 101]
2011-10-31 21:47:28 Debug: Notice (8): Undefined property: BillingsController::$Message in [C:\xampp\htdocs\sal_tracking\app\controllers\billings_controller.php, line 101]
2011-11-01 20:22:31 Debug: Notice (8): Undefined index:  User in [C:\xampp\htdocs\sal_tracking\app\controllers\billings_controller.php, line 101]
2011-11-01 20:22:31 Debug: Notice (8): Undefined index:  User in [C:\xampp\htdocs\sal_tracking\app\controllers\billings_controller.php, line 101]
2011-11-01 20:22:31 Debug: Notice (8): Undefined index:  User in [C:\xampp\htdocs\sal_tracking\app\controllers\billings_controller.php, line 101]
2011-11-01 20:26:14 Debug: Notice (8): Undefined index:  bill_date in [C:\xampp\htdocs\sal_tracking\app\controllers\billings_controller.php, line 102]
2011-11-01 20:26:14 Debug: Notice (8): Undefined index:  bill_date in [C:\xampp\htdocs\sal_tracking\app\controllers\billings_controller.php, line 102]
2011-11-01 20:26:14 Debug: Notice (8): Undefined index:  bill_date in [C:\xampp\htdocs\sal_tracking\app\controllers\billings_controller.php, line 102]
2011-11-01 20:26:45 Debug: Notice (8): Undefined index:  bill_date in [C:\xampp\htdocs\sal_tracking\app\controllers\billings_controller.php, line 102]
2011-11-02 18:01:17 Debug: Notice (8): Undefined index:  id in [C:\xampp\htdocs\sal_tracking\app\controllers\billings_controller.php, line 101]
2011-11-02 18:02:00 Debug: Notice (8): Undefined index:  id in [C:\xampp\htdocs\sal_tracking\app\controllers\billings_controller.php, line 101]
2011-11-02 18:11:58 Debug: Notice (8): Undefined offset:  0 in [C:\xampp\htdocs\sal_tracking\cake\libs\model\model.php, line 2598]
2011-11-13 22:25:16 Debug: Notice (8): Undefined index:  id in [C:\xampp\htdocs\sal_tracking\app\controllers\billings_controller.php, line 146]
2011-11-13 22:25:38 Debug: Notice (8): Undefined index:  id in [C:\xampp\htdocs\sal_tracking\app\controllers\billings_controller.php, line 146]
2011-11-13 22:28:30 Debug: Notice (8): Trying to get property of non-object in [C:\xampp\htdocs\sal_tracking\app\controllers\billings_controller.php, line 148]
2011-11-13 22:28:35 Debug: Notice (8): Trying to get property of non-object in [C:\xampp\htdocs\sal_tracking\app\controllers\billings_controller.php, line 148]
2011-11-13 22:29:29 Debug: Notice (8): Trying to get property of non-object in [C:\xampp\htdocs\sal_tracking\app\controllers\billings_controller.php, line 148]
2011-11-19 19:27:34 Debug: Notice (8): Use of undefined constant records - assumed 'records' in [C:\xampp\htdocs\sal\app\controllers\billings_controller.php, line 91]
2011-11-19 19:27:48 Debug: Notice (8): Use of undefined constant records - assumed 'records' in [C:\xampp\htdocs\sal\app\controllers\billings_controller.php, line 91]
2011-11-20 08:33:15 Debug: Notice (8): Undefined variable: ihours in [C:\xampp\htdocs\sal\app\controllers\app_controller.php, line 18]
2011-11-21 19:38:19 Debug: Notice (8): Undefined variable: systemUsersList in [C:\xampp\htdocs\sal\app\views\users\get_user_list.ctp, line 5]
2011-11-21 19:40:20 Debug: Notice (8): Undefined variable: systemUsersList in [C:\xampp\htdocs\sal\app\views\users\get_user_list.ctp, line 5]
2011-11-21 19:40:39 Debug: Notice (8): Undefined variable: systemUsersList in [C:\xampp\htdocs\sal\app\views\users\get_user_list.ctp, line 5]
2011-11-21 19:55:37 Debug: Notice (8): Undefined index:  full_name in [C:\xampp\htdocs\sal\app\views\users\get_user_list.ctp, line 9]
2011-11-21 19:56:44 Debug: Notice (8): Undefined index:  full_name in [C:\xampp\htdocs\sal\app\views\users\get_user_list.ctp, line 9]
2011-11-21 19:58:45 Debug: Notice (8): Undefined index:  full_name in [C:\xampp\htdocs\sal\app\views\users\get_user_list.ctp, line 9]
2011-11-21 19:59:15 Debug: Notice (8): Undefined index:  first_name in [C:\xampp\htdocs\sal\app\views\users\get_user_list.ctp, line 9]
2011-11-21 20:07:51 Debug: Notice (8): Undefined index:  id in [C:\xampp\htdocs\sal\app\controllers\users_controller.php, line 182]
2011-11-21 20:08:27 Debug: Notice (8): Undefined index:  id in [C:\xampp\htdocs\sal\app\controllers\users_controller.php, line 182]
2011-11-21 20:11:00 Debug: Notice (8): Undefined index:  id in [C:\xampp\htdocs\sal\app\controllers\users_controller.php, line 182]
2011-11-21 20:14:05 Debug: Notice (8): Undefined index:  id in [C:\xampp\htdocs\sal\app\controllers\users_controller.php, line 182]
2011-11-21 20:53:53 Debug: Notice (8): Undefined index:  id in [C:\xampp\htdocs\sal\app\views\users\get_user_list.ctp, line 19]
2011-11-21 20:56:40 Debug: Notice (8): Undefined index:  id in [C:\xampp\htdocs\sal\app\views\users\get_user_list.ctp, line 19]
2011-11-21 20:57:37 Debug: Notice (8): Undefined index:  id in [C:\xampp\htdocs\sal\app\views\users\get_user_list.ctp, line 19]
2011-11-23 07:29:52 Debug: Notice (8): Undefined variable: browserInfo in [C:\xampp\htdocs\sal\app\views\layouts\default_layout.ctp, line 18]
2011-11-23 07:30:00 Debug: Notice (8): Undefined variable: browserInfo in [C:\xampp\htdocs\sal\app\views\layouts\default_layout.ctp, line 18]
2011-11-23 07:30:39 Debug: Notice (8): Undefined variable: browserInfo in [C:\xampp\htdocs\sal\app\views\layouts\default_layout.ctp, line 18]
2011-11-23 07:30:48 Debug: Notice (8): Undefined variable: browserInfo in [C:\xampp\htdocs\sal\app\views\layouts\default_layout.ctp, line 18]
2011-11-23 07:31:16 Debug: Notice (8): Undefined variable: browserInfo in [C:\xampp\htdocs\sal\app\controllers\billings_controller.php, line 16]
2011-11-23 07:31:17 Debug: Notice (8): Undefined variable: browserInfo in [C:\xampp\htdocs\sal\app\views\layouts\default_layout.ctp, line 18]
2011-11-23 07:31:44 Debug: Notice (8): Undefined variable: browserInfo in [C:\xampp\htdocs\sal\app\controllers\billings_controller.php, line 98]
2011-11-23 07:31:44 Debug: Notice (8): Undefined variable: browserInfo in [C:\xampp\htdocs\sal\app\views\layouts\default_layout.ctp, line 18]
2011-11-23 07:38:45 Debug: Notice (8): Undefined variable: browserInfo in [C:\xampp\htdocs\sal\app\controllers\billings_controller.php, line 16]
2011-11-23 07:38:46 Debug: Notice (8): Undefined variable: browserInfo in [C:\xampp\htdocs\sal\app\views\layouts\default_layout.ctp, line 18]
2011-11-23 07:39:08 Debug: Notice (8): Undefined variable: browserInfo in [C:\xampp\htdocs\sal\app\controllers\billings_controller.php, line 16]
2011-11-23 07:39:09 Debug: Notice (8): Undefined variable: browserInfo in [C:\xampp\htdocs\sal\app\views\layouts\default_layout.ctp, line 18]
2011-11-23 07:40:07 Debug: Notice (8): Undefined variable: browserInfo in [C:\xampp\htdocs\sal\app\controllers\billings_controller.php, line 57]
2011-11-23 07:40:08 Debug: Notice (8): Undefined variable: browserInfo in [C:\xampp\htdocs\sal\app\views\layouts\default_layout.ctp, line 18]
2011-11-23 07:40:24 Debug: Notice (8): Undefined variable: browserInfo in [C:\xampp\htdocs\sal\app\views\layouts\default_layout.ctp, line 18]
2011-11-23 07:42:01 Debug: Notice (8): Undefined variable: browserInfo in [C:\xampp\htdocs\sal\app\controllers\billings_controller.php, line 57]
2011-11-23 07:42:01 Debug: Notice (8): Undefined variable: browserInfo in [C:\xampp\htdocs\sal\app\views\layouts\default_layout.ctp, line 18]
2011-11-23 07:43:33 Debug: Notice (8): Undefined variable: browserInfo in [C:\xampp\htdocs\sal\app\controllers\billings_controller.php, line 94]
2011-11-23 07:43:33 Debug: Notice (8): Undefined variable: browserInfo in [C:\xampp\htdocs\sal\app\views\layouts\default_layout.ctp, line 18]
2011-11-23 07:45:24 Debug: Notice (8): Undefined variable: browserInfo in [C:\xampp\htdocs\sal\app\controllers\billings_controller.php, line 97]
2011-11-23 07:45:24 Debug: Notice (8): Undefined variable: browserInfo in [C:\xampp\htdocs\sal\app\views\layouts\default_layout.ctp, line 18]
2011-11-23 07:45:57 Debug: Notice (8): Undefined variable: browserInfo in [C:\xampp\htdocs\sal\app\controllers\billings_controller.php, line 98]
2011-11-23 07:46:10 Debug: Notice (8): Undefined variable: browserInfo in [C:\xampp\htdocs\sal\app\controllers\billings_controller.php, line 98]
2011-11-23 07:50:05 Debug: Notice (8): Undefined variable: browserInfo in [C:\xampp\htdocs\sal\app\controllers\billings_controller.php, line 98]
2011-11-23 07:50:05 Debug: Notice (8): Undefined variable: browserInfo in [C:\xampp\htdocs\sal\app\controllers\app_controller.php, line 18]
2011-11-23 07:50:59 Debug: Notice (8): Undefined variable: browserInfo in [C:\xampp\htdocs\sal\app\controllers\app_controller.php, line 18]
2011-11-23 07:50:59 Debug: Notice (8): Undefined variable: browserInfo in [C:\xampp\htdocs\sal\app\views\layouts\default_layout.ctp, line 18]
2011-11-23 07:51:37 Debug: Notice (8): Undefined variable: browserInfo in [C:\xampp\htdocs\sal\app\controllers\billings_controller.php, line 20]
2011-11-23 07:51:37 Debug: Notice (8): Undefined variable: browserInfo in [C:\xampp\htdocs\sal\app\controllers\app_controller.php, line 18]
2011-11-23 07:51:37 Debug: Notice (8): Undefined variable: browserInfo in [C:\xampp\htdocs\sal\app\views\layouts\default_layout.ctp, line 18]
2011-11-23 07:52:45 Debug: Notice (8): Undefined variable: browserInfo in [C:\xampp\htdocs\sal\app\controllers\billings_controller.php, line 20]
2011-11-23 07:52:46 Debug: Notice (8): Undefined variable: browserInfo in [C:\xampp\htdocs\sal\app\controllers\app_controller.php, line 18]
2011-11-23 07:52:46 Debug: Notice (8): Undefined variable: browserInfo in [C:\xampp\htdocs\sal\app\views\layouts\default_layout.ctp, line 18]
2011-11-23 07:53:07 Debug: Notice (8): Undefined variable: browserInfo in [C:\xampp\htdocs\sal\app\controllers\billings_controller.php, line 20]
2011-11-23 07:53:07 Debug: Notice (8): Undefined variable: browserInfo in [C:\xampp\htdocs\sal\app\controllers\app_controller.php, line 18]
2011-11-23 07:53:07 Debug: Notice (8): Undefined variable: browserInfo in [C:\xampp\htdocs\sal\app\views\layouts\default_layout.ctp, line 18]
2011-11-23 07:53:07 Debug: Notice (8): Undefined variable: browserInfo in [C:\xampp\htdocs\sal\app\views\layouts\default_layout.ctp, line 106]
2011-11-23 07:53:44 Debug: Notice (8): Undefined variable: browserInfo in [C:\xampp\htdocs\sal\app\controllers\billings_controller.php, line 17]
2011-11-23 07:53:44 Debug: Notice (8): Undefined variable: browserInfo in [C:\xampp\htdocs\sal\app\controllers\billings_controller.php, line 23]
2011-11-23 07:53:44 Debug: Notice (8): Undefined variable: browserInfo in [C:\xampp\htdocs\sal\app\controllers\app_controller.php, line 18]
2011-11-23 07:53:44 Debug: Notice (8): Undefined variable: browserInfo in [C:\xampp\htdocs\sal\app\views\layouts\default_layout.ctp, line 18]
2011-11-23 07:53:44 Debug: Notice (8): Undefined variable: browserInfo in [C:\xampp\htdocs\sal\app\views\layouts\default_layout.ctp, line 106]
2011-11-23 07:54:05 Debug: Notice (8): Undefined variable: browserInfo in [C:\xampp\htdocs\sal\app\controllers\billings_controller.php, line 17]
2011-11-23 07:54:05 Debug: Notice (8): Undefined variable: browserInfo in [C:\xampp\htdocs\sal\app\controllers\billings_controller.php, line 104]
2011-11-23 07:54:05 Debug: Notice (8): Undefined variable: browserInfo in [C:\xampp\htdocs\sal\app\controllers\billings_controller.php, line 23]
2011-11-23 07:54:05 Debug: Notice (8): Undefined variable: browserInfo in [C:\xampp\htdocs\sal\app\controllers\app_controller.php, line 18]
2011-11-23 07:54:05 Debug: Notice (8): Undefined variable: browserInfo in [C:\xampp\htdocs\sal\app\views\layouts\default_layout.ctp, line 18]
2011-11-23 07:54:05 Debug: Notice (8): Undefined variable: browserInfo in [C:\xampp\htdocs\sal\app\views\layouts\default_layout.ctp, line 106]
2011-11-23 07:54:38 Debug: Notice (8): Undefined variable: browserInfo in [C:\xampp\htdocs\sal\app\controllers\billings_controller.php, line 17]
2011-11-23 07:54:38 Debug: Notice (8): Undefined variable: browserInfo in [C:\xampp\htdocs\sal\app\controllers\billings_controller.php, line 104]
2011-11-23 07:54:38 Debug: Notice (8): Undefined variable: browserInfo in [C:\xampp\htdocs\sal\app\controllers\billings_controller.php, line 23]
2011-11-23 07:54:38 Debug: Notice (8): Undefined variable: browserInfo in [C:\xampp\htdocs\sal\app\controllers\app_controller.php, line 18]
2011-11-23 07:54:45 Debug: Notice (8): Undefined variable: browserInfo in [C:\xampp\htdocs\sal\app\controllers\billings_controller.php, line 17]
2011-11-23 07:54:45 Debug: Notice (8): Undefined variable: browserInfo in [C:\xampp\htdocs\sal\app\controllers\billings_controller.php, line 104]
2011-11-23 07:54:45 Debug: Notice (8): Undefined variable: browserInfo in [C:\xampp\htdocs\sal\app\controllers\billings_controller.php, line 23]
2011-11-23 07:54:46 Debug: Notice (8): Undefined variable: browserInfo in [C:\xampp\htdocs\sal\app\controllers\app_controller.php, line 18]
2011-11-23 07:54:46 Debug: Notice (8): Undefined variable: browserInfo in [C:\xampp\htdocs\sal\app\views\layouts\default_layout.ctp, line 18]
2011-11-23 07:54:46 Debug: Notice (8): Undefined variable: browserInfo in [C:\xampp\htdocs\sal\app\views\layouts\default_layout.ctp, line 106]
2011-11-23 07:55:02 Debug: Notice (8): Undefined variable: browserInfo in [C:\xampp\htdocs\sal\app\controllers\billings_controller.php, line 17]
2011-11-23 07:55:02 Debug: Notice (8): Undefined variable: browserInfo in [C:\xampp\htdocs\sal\app\controllers\billings_controller.php, line 104]
2011-11-23 07:55:02 Debug: Notice (8): Undefined variable: browserInfo in [C:\xampp\htdocs\sal\app\controllers\billings_controller.php, line 23]
2011-11-23 07:55:02 Debug: Notice (8): Undefined variable: browserInfo in [C:\xampp\htdocs\sal\app\controllers\app_controller.php, line 18]
2011-11-23 07:55:02 Debug: Notice (8): Undefined variable: browserInfo in [C:\xampp\htdocs\sal\app\views\layouts\default_layout.ctp, line 18]
2011-11-23 07:55:02 Debug: Notice (8): Undefined variable: browserInfo in [C:\xampp\htdocs\sal\app\views\layouts\default_layout.ctp, line 106]
2011-11-23 07:55:44 Debug: Notice (8): Undefined variable: browserInfo in [C:\xampp\htdocs\sal\app\controllers\billings_controller.php, line 17]
2011-11-23 07:55:44 Debug: Notice (8): Undefined variable: browserInfo in [C:\xampp\htdocs\sal\app\controllers\billings_controller.php, line 104]
2011-11-23 07:55:44 Debug: Notice (8): Undefined variable: browserInfo in [C:\xampp\htdocs\sal\app\controllers\billings_controller.php, line 23]
2011-11-23 07:55:44 Debug: Notice (8): Undefined variable: browserInfo in [C:\xampp\htdocs\sal\app\controllers\app_controller.php, line 18]
2011-11-23 07:56:33 Debug: Notice (8): Undefined variable: browserInfo in [C:\xampp\htdocs\sal\app\controllers\billings_controller.php, line 17]
2011-11-23 07:56:33 Debug: Notice (8): Undefined variable: browserInfo in [C:\xampp\htdocs\sal\app\controllers\billings_controller.php, line 104]
2011-11-23 07:56:33 Debug: Notice (8): Undefined variable: browserInfo in [C:\xampp\htdocs\sal\app\controllers\billings_controller.php, line 23]
2011-11-23 07:56:33 Debug: Notice (8): Undefined variable: browserInfo in [C:\xampp\htdocs\sal\app\views\layouts\default_layout.ctp, line 18]
2011-11-23 07:56:33 Debug: Notice (8): Undefined variable: browserInfo in [C:\xampp\htdocs\sal\app\views\layouts\default_layout.ctp, line 106]
2011-11-23 07:58:13 Debug: Notice (8): Undefined variable: browserInfo in [C:\xampp\htdocs\sal\app\controllers\billings_controller.php, line 17]
2011-11-23 07:58:13 Debug: Notice (8): Undefined variable: browserInfo in [C:\xampp\htdocs\sal\app\controllers\billings_controller.php, line 104]
2011-11-23 07:58:13 Debug: Notice (8): Undefined variable: browserInfo in [C:\xampp\htdocs\sal\app\controllers\billings_controller.php, line 23]
2011-11-23 07:58:13 Debug: Notice (8): Undefined variable: browserInfo in [C:\xampp\htdocs\sal\app\controllers\app_controller.php, line 18]
2011-11-23 07:58:24 Debug: Notice (8): Undefined variable: browserInfo in [C:\xampp\htdocs\sal\app\controllers\billings_controller.php, line 17]
2011-11-23 07:58:24 Debug: Notice (8): Undefined variable: browserInfo in [C:\xampp\htdocs\sal\app\controllers\billings_controller.php, line 104]
2011-11-23 07:58:24 Debug: Notice (8): Undefined variable: browserInfo in [C:\xampp\htdocs\sal\app\controllers\billings_controller.php, line 23]
2011-11-23 07:58:24 Debug: Notice (8): Undefined variable: browserInfo in [C:\xampp\htdocs\sal\app\controllers\app_controller.php, line 18]
2011-11-23 08:02:31 Debug: Notice (8): Undefined variable: var_for_layout in [C:\xampp\htdocs\sal\app\views\layouts\default_layout.ctp, line 18]
2011-11-23 08:03:50 Debug: Notice (8): Undefined variable: var_for_layout in [C:\xampp\htdocs\sal\app\views\layouts\default_layout.ctp, line 19]
2011-11-23 08:03:50 Debug: Notice (8): Undefined variable: var_for_layout in [C:\xampp\htdocs\sal\app\views\layouts\default_layout.ctp, line 21]
2011-11-23 08:03:56 Debug: Notice (8): Undefined variable: var_for_layout in [C:\xampp\htdocs\sal\app\views\layouts\default_layout.ctp, line 19]
2011-11-23 08:03:56 Debug: Notice (8): Undefined variable: var_for_layout in [C:\xampp\htdocs\sal\app\views\layouts\default_layout.ctp, line 21]
2011-11-23 08:05:14 Debug: Notice (8): Undefined variable: var_for_layout in [C:\xampp\htdocs\sal\app\views\layouts\default_layout.ctp, line 19]
2011-11-23 08:05:14 Debug: Notice (8): Undefined variable: var_for_layout in [C:\xampp\htdocs\sal\app\views\layouts\default_layout.ctp, line 21]
2011-11-23 08:05:33 Debug: Notice (8): Undefined variable: var_for_layout in [C:\xampp\htdocs\sal\app\views\layouts\default_layout.ctp, line 19]
2011-11-23 08:05:33 Debug: Notice (8): Undefined variable: var_for_layout in [C:\xampp\htdocs\sal\app\views\layouts\default_layout.ctp, line 21]
2011-11-23 08:07:17 Debug: Notice (8): Undefined variable: browserInfo in [C:\xampp\htdocs\sal\app\views\layouts\default_layout.ctp, line 18]
2011-11-23 08:07:33 Debug: Notice (8): Undefined variable: browserInfo in [C:\xampp\htdocs\sal\app\views\layouts\default_layout.ctp, line 18]
2011-11-23 12:01:18 Debug: Notice (8): Use of undefined constant php - assumed 'php' in [C:\xampp\htdocs\sal\app\views\billings\lists_print_preview.ctp, line 2]
2011-11-23 12:04:26 Debug: Notice (8): Use of undefined constant php - assumed 'php' in [C:\xampp\htdocs\sal\app\views\billings\lists_print_preview.ctp, line 2]
2011-11-23 12:21:42 Debug: Notice (8): Undefined variable: login in [C:\xampp\htdocs\sal\app\views\layouts\login_layout.ctp, line 20]
