2011-10-29 16:42:37 Warning: Warning (512): <span style="color:Red;text-align:left"><b>SQL Error:</b> 1054: Unknown column 'User.is_deleted' in 'where clause'</span> in [C:\xampp\htdocs\sal_tracking\cake\libs\model\datasources\dbo_source.php, line 684]
2011-10-29 16:42:59 Warning: Warning (512): <span style="color:Red;text-align:left"><b>SQL Error:</b> 1054: Unknown column 'User.is_deleted' in 'where clause'</span> in [C:\xampp\htdocs\sal_tracking\cake\libs\model\datasources\dbo_source.php, line 684]
2011-10-29 16:50:24 Warning: Warning (2): Cannot modify header information - headers already sent by (output started at C:\xampp\htdocs\sal_tracking\cake\basics.php:375) in [C:\xampp\htdocs\sal_tracking\cake\libs\controller\controller.php, line 742]
2011-10-29 16:50:39 Warning: Warning (2): Cannot modify header information - headers already sent by (output started at C:\xampp\htdocs\sal_tracking\cake\basics.php:375) in [C:\xampp\htdocs\sal_tracking\cake\libs\controller\controller.php, line 742]
2011-10-29 16:54:04 Warning: Warning (2): Cannot modify header information - headers already sent by (output started at C:\xampp\htdocs\sal_tracking\cake\basics.php:375) in [C:\xampp\htdocs\sal_tracking\cake\libs\controller\controller.php, line 742]
2011-10-30 19:47:24 Warning: Warning (512): <span style="color:Red;text-align:left"><b>SQL Error:</b> 1052: Column 'created' in order clause is ambiguous</span> in [C:\xampp\htdocs\sal_tracking\cake\libs\model\datasources\dbo_source.php, line 684]
2011-10-30 19:47:25 Warning: Warning (512): <span style="color:Red;text-align:left"><b>SQL Error:</b> 1052: Column 'created' in order clause is ambiguous</span> in [C:\xampp\htdocs\sal_tracking\cake\libs\model\datasources\dbo_source.php, line 684]
2011-10-30 20:02:41 Warning: Warning (512): <span style="color:Red;text-align:left"><b>SQL Error:</b> 1052: Column 'created' in order clause is ambiguous</span> in [C:\xampp\htdocs\sal_tracking\cake\libs\model\datasources\dbo_source.php, line 684]
2011-10-30 20:33:42 Warning: Warning (512): <span style="color:Red;text-align:left"><b>SQL Error:</b> 1452: Cannot add or update a child row: a foreign key constraint fails (`db_sal_tracking`.`billings`, CONSTRAINT `billings_ibfk_1` FOREIGN KEY (`user_id`) REFERENCES `users` (`id`))</span> in [C:\xampp\htdocs\sal_tracking\cake\libs\model\datasources\dbo_source.php, line 684]
2011-10-31 19:39:06 Warning: Warning (2): Invalid argument supplied for foreach() in [C:\xampp\htdocs\sal_tracking\app\controllers\billings_controller.php, line 26]
2011-10-31 19:48:49 Warning: Warning (2): Invalid argument supplied for foreach() in [C:\xampp\htdocs\sal_tracking\app\controllers\billings_controller.php, line 26]
2011-10-31 21:03:15 Warning: Warning (2): date_format() expects parameter 1 to be DateTime, string given in [C:\xampp\htdocs\sal_tracking\app\controllers\billings_controller.php, line 83]
2011-10-31 21:03:21 Warning: Warning (2): date_format() expects parameter 1 to be DateTime, string given in [C:\xampp\htdocs\sal_tracking\app\controllers\billings_controller.php, line 83]
2011-10-31 21:05:32 Warning: Warning (2): date_format() expects parameter 1 to be DateTime, string given in [C:\xampp\htdocs\sal_tracking\app\controllers\billings_controller.php, line 83]
2011-10-31 21:05:40 Warning: Warning (2): date_format() expects parameter 1 to be DateTime, string given in [C:\xampp\htdocs\sal_tracking\app\controllers\billings_controller.php, line 83]
2011-10-31 21:05:40 Warning: Warning (2): date_format() expects parameter 1 to be DateTime, string given in [C:\xampp\htdocs\sal_tracking\app\controllers\billings_controller.php, line 83]
2011-11-01 20:26:45 Warning: Warning (512): <span style="color:Red;text-align:left"><b>SQL Error:</b> 1452: Cannot add or update a child row: a foreign key constraint fails (`db_sal_tracking`.`billings`, CONSTRAINT `billings_ibfk_1` FOREIGN KEY (`user_id`) REFERENCES `users` (`id`))</span> in [C:\xampp\htdocs\sal_tracking\cake\libs\model\datasources\dbo_source.php, line 684]
2011-11-01 22:46:33 Warning: Warning (512): <span style="color:Red;text-align:left"><b>SQL Error:</b> 1054: Unknown column 'Billing.is_deleted' in 'where clause'</span> in [C:\xampp\htdocs\sal_tracking\cake\libs\model\datasources\dbo_source.php, line 684]
2011-11-01 22:46:34 Warning: Warning (512): <span style="color:Red;text-align:left"><b>SQL Error:</b> 1054: Unknown column 'Billing.is_deleted' in 'where clause'</span> in [C:\xampp\htdocs\sal_tracking\cake\libs\model\datasources\dbo_source.php, line 684]
2011-11-01 22:46:35 Warning: Warning (512): <span style="color:Red;text-align:left"><b>SQL Error:</b> 1054: Unknown column 'Billing.is_deleted' in 'where clause'</span> in [C:\xampp\htdocs\sal_tracking\cake\libs\model\datasources\dbo_source.php, line 684]
2011-11-01 22:46:48 Warning: Warning (512): <span style="color:Red;text-align:left"><b>SQL Error:</b> 1054: Unknown column 'Billing.is_deleted' in 'where clause'</span> in [C:\xampp\htdocs\sal_tracking\cake\libs\model\datasources\dbo_source.php, line 684]
2011-11-01 22:53:00 Warning: Warning (512): <span style="color:Red;text-align:left"><b>SQL Error:</b> 1054: Unknown column 'Billing.is_deleted' in 'where clause'</span> in [C:\xampp\htdocs\sal_tracking\cake\libs\model\datasources\dbo_source.php, line 684]
2011-11-02 18:11:58 Warning: Warning (512): Could not find validation handler  for bill_to in [C:\xampp\htdocs\sal_tracking\cake\libs\model\model.php, line 2621]
2011-11-02 18:11:58 Warning: Warning (512): Could not find validation handler  for client_name in [C:\xampp\htdocs\sal_tracking\cake\libs\model\model.php, line 2621]
2011-11-02 18:11:58 Warning: Warning (512): Could not find validation handler  for type in [C:\xampp\htdocs\sal_tracking\cake\libs\model\model.php, line 2621]
2011-11-02 18:11:58 Warning: Warning (512): Could not find validation handler  for cpt in [C:\xampp\htdocs\sal_tracking\cake\libs\model\model.php, line 2621]
2011-11-02 18:11:58 Warning: Warning (512): Could not find validation handler  for diag in [C:\xampp\htdocs\sal_tracking\cake\libs\model\model.php, line 2621]
2011-11-02 18:11:58 Warning: Warning (512): Could not find validation handler  for gr_c_so in [C:\xampp\htdocs\sal_tracking\cake\libs\model\model.php, line 2621]
2011-11-02 18:11:58 Warning: Warning (512): Could not find validation handler  for sch_off_hv in [C:\xampp\htdocs\sal_tracking\cake\libs\model\model.php, line 2621]
2011-11-02 23:03:59 Warning: Warning (512): <span style="color:Red;text-align:left"><b>SQL Error:</b> 1452: Cannot add or update a child row: a foreign key constraint fails (`db_sal_tracking`.`billings`, CONSTRAINT `billings_ibfk_1` FOREIGN KEY (`user_id`) REFERENCES `users` (`id`))</span> in [C:\xampp\htdocs\sal_tracking\cake\libs\model\datasources\dbo_source.php, line 684]
2011-11-02 23:05:21 Warning: Warning (512): <span style="color:Red;text-align:left"><b>SQL Error:</b> 1452: Cannot add or update a child row: a foreign key constraint fails (`db_sal_tracking`.`billings`, CONSTRAINT `billings_ibfk_1` FOREIGN KEY (`user_id`) REFERENCES `users` (`id`))</span> in [C:\xampp\htdocs\sal_tracking\cake\libs\model\datasources\dbo_source.php, line 684]
2011-11-03 21:19:32 Warning: Warning (2): Cannot modify header information - headers already sent by (output started at C:\xampp\htdocs\sal_tracking\cake\basics.php:130) in [C:\xampp\htdocs\sal_tracking\cake\libs\controller\controller.php, line 742]
2011-11-03 21:50:42 Warning: Warning (512): <span style="color:Red;text-align:left"><b>SQL Error:</b> 1452: Cannot add or update a child row: a foreign key constraint fails (`db_sal_tracking`.`billings`, CONSTRAINT `billings_ibfk_1` FOREIGN KEY (`user_id`) REFERENCES `users` (`id`))</span> in [C:\xampp\htdocs\sal_tracking\cake\libs\model\datasources\dbo_source.php, line 684]
2011-11-11 19:47:53 Warning: Warning (2): Cannot modify header information - headers already sent by (output started at C:\xampp\htdocs\sal_tracking\app\controllers\users_controller.php:134) in [C:\xampp\htdocs\sal_tracking\cake\libs\controller\controller.php, line 742]
2011-11-11 20:10:02 Warning: Warning (2): Cannot modify header information - headers already sent by (output started at C:\xampp\htdocs\sal_tracking\app\controllers\users_controller.php:141) in [C:\xampp\htdocs\sal_tracking\cake\libs\controller\controller.php, line 742]
2011-11-11 20:10:07 Warning: Warning (2): Cannot modify header information - headers already sent by (output started at C:\xampp\htdocs\sal_tracking\app\controllers\users_controller.php:141) in [C:\xampp\htdocs\sal_tracking\cake\libs\controller\controller.php, line 742]
2011-11-13 21:47:42 Warning: Warning (512): <span style="color:Red;text-align:left"><b>SQL Error:</b> 1305: FUNCTION Billing.MAX does not exist</span> in [C:\xampp\htdocs\sal_tracking\cake\libs\model\datasources\dbo_source.php, line 684]
2011-11-13 21:49:02 Warning: Warning (2): Wrong parameter count for max() in [C:\xampp\htdocs\sal_tracking\app\controllers\billings_controller.php, line 148]
2011-11-13 21:49:02 Warning: Warning (512): <span style="color:Red;text-align:left"><b>SQL Error:</b> 1054: Unknown column 'Billing.' in 'field list'</span> in [C:\xampp\htdocs\sal_tracking\cake\libs\model\datasources\dbo_source.php, line 684]
2011-11-19 19:27:48 Warning: Warning (2): Cannot modify header information - headers already sent by (output started at C:\xampp\htdocs\sal\app\controllers\billings_controller.php:91) in [C:\xampp\htdocs\sal\cake\libs\controller\controller.php, line 953]
2011-11-19 19:27:48 Warning: Warning (2): Cannot modify header information - headers already sent by (output started at C:\xampp\htdocs\sal\app\controllers\billings_controller.php:91) in [C:\xampp\htdocs\sal\cake\libs\controller\controller.php, line 954]
2011-11-19 19:27:48 Warning: Warning (2): Cannot modify header information - headers already sent by (output started at C:\xampp\htdocs\sal\app\controllers\billings_controller.php:91) in [C:\xampp\htdocs\sal\cake\libs\controller\controller.php, line 955]
2011-11-19 19:27:48 Warning: Warning (2): Cannot modify header information - headers already sent by (output started at C:\xampp\htdocs\sal\app\controllers\billings_controller.php:91) in [C:\xampp\htdocs\sal\cake\libs\controller\controller.php, line 956]
2011-11-19 19:27:48 Warning: Warning (2): Cannot modify header information - headers already sent by (output started at C:\xampp\htdocs\sal\app\controllers\billings_controller.php:91) in [C:\xampp\htdocs\sal\cake\libs\controller\controller.php, line 957]
2011-11-21 19:36:42 Warning: Warning (512): <span style="color:Red;text-align:left"><b>SQL Error:</b> 1054: Unknown column 'User.full_name' in 'field list'</span> in [C:\xampp\htdocs\sal\cake\libs\model\datasources\dbo_source.php, line 684]
2011-11-21 19:40:20 Warning: Warning (512): <span style="color:Red;text-align:left"><b>SQL Error:</b> 1054: Unknown column 'Billing.client_name' in 'order clause'</span> in [C:\xampp\htdocs\sal\cake\libs\model\datasources\dbo_source.php, line 684]
2011-11-21 19:40:39 Warning: Warning (512): <span style="color:Red;text-align:left"><b>SQL Error:</b> 1054: Unknown column 'Billing.client_name' in 'order clause'</span> in [C:\xampp\htdocs\sal\cake\libs\model\datasources\dbo_source.php, line 684]
2011-11-21 19:41:45 Warning: Warning (512): <span style="color:Red;text-align:left"><b>SQL Error:</b> 1054: Unknown column 'Billing.client_name' in 'order clause'</span> in [C:\xampp\htdocs\sal\cake\libs\model\datasources\dbo_source.php, line 684]
